# JRE version: OpenJDK Runtime Environment (11.0.10) (build 11.0.10+0-b96-7249189)
# Java VM: OpenJDK 64-Bit Server VM (11.0.10+0-b96-7249189, mixed mode, tiered, compressed oops, g1 gc, windows-amd64)
Heap:
 garbage-first heap   total 631808K, used 344787K [0x0000000080000000, 0x0000000100000000)
  region size 1024K, 3 young (3072K), 3 survivors (3072K)
 Metaspace       used 150975K, capacity 156098K, committed 156364K, reserved 1185792K
  class space    used 18958K, capacity 20838K, committed 20940K, reserved 1048576K
GC Heap History (20 events):
Event: 2295.716 GC heap after
{Heap after GC invocations=95 (full 0):
 garbage-first heap   total 363520K, used 259879K [0x0000000080000000, 0x0000000100000000)
  region size 1024K, 12 young (12288K), 12 survivors (12288K)
 Metaspace       used 150835K, capacity 155968K, committed 156364K, reserved 1185792K
  class space    used 18958K, capacity 20838K, committed 20940K, reserved 1048576K
}
Event: 2295.742 GC heap before
{Heap before GC invocations=95 (full 0):
 garbage-first heap   total 363520K, used 263975K [0x0000000080000000, 0x0000000100000000)
  region size 1024K, 17 young (17408K), 12 survivors (12288K)
 Metaspace       used 150835K, capacity 155968K, committed 156364K, reserved 1185792K
  class space    used 18958K, capacity 20838K, committed 20940K, reserved 1048576K
}
Event: 2295.785 GC heap after
{Heap after GC invocations=96 (full 0):
 garbage-first heap   total 363520K, used 252133K [0x0000000080000000, 0x0000000100000000)
  region size 1024K, 3 young (3072K), 3 survivors (3072K)
 Metaspace       used 150835K, capacity 155968K, committed 156364K, reserved 1185792K
  class space    used 18958K, capacity 20838K, committed 20940K, reserved 1048576K
}
Event: 2295.830 GC heap before
{Heap before GC invocations=96 (full 0):
 garbage-first heap   total 363520K, used 262373K [0x0000000080000000, 0x0000000100000000)
  region size 1024K, 14 young (14336K), 3 survivors (3072K)
 Metaspace       used 150835K, capacity 155968K, committed 156364K, reserved 1185792K
  class space    used 18958K, capacity 20838K, committed 20940K, reserved 1048576K
}
Event: 2295.850 GC heap after
{Heap after GC invocations=97 (full 0):
 garbage-first heap   total 363520K, used 256236K [0x0000000080000000, 0x0000000100000000)
  region size 1024K, 7 young (7168K), 7 survivors (7168K)
 Metaspace       used 150835K, capacity 155968K, committed 156364K, reserved 1185792K
  class space    used 18958K, capacity 20838K, committed 20940K, reserved 1048576K
}
Event: 2296.186 GC heap before
{Heap before GC invocations=97 (full 0):
 garbage-first heap   total 363520K, used 306412K [0x0000000080000000, 0x0000000100000000)
  region size 1024K, 52 young (53248K), 7 survivors (7168K)
 Metaspace       used 150936K, capacity 156098K, committed 156364K, reserved 1185792K
  class space    used 18958K, capacity 20838K, committed 20940K, reserved 1048576K
}
Event: 2296.243 GC heap after
{Heap after GC invocations=98 (full 0):
 garbage-first heap   total 363520K, used 282257K [0x0000000080000000, 0x0000000100000000)
  region size 1024K, 7 young (7168K), 7 survivors (7168K)
 Metaspace       used 150936K, capacity 156098K, committed 156364K, reserved 1185792K
  class space    used 18958K, capacity 20838K, committed 20940K, reserved 1048576K
}
Event: 2296.503 GC heap before
{Heap before GC invocations=98 (full 0):
 garbage-first heap   total 363520K, used 304785K [0x0000000080000000, 0x0000000100000000)
  region size 1024K, 30 young (30720K), 7 survivors (7168K)
 Metaspace       used 150941K, capacity 156098K, committed 156364K, reserved 1185792K
  class space    used 18958K, capacity 20838K, committed 20940K, reserved 1048576K
}
Event: 2296.558 GC heap after
{Heap after GC invocations=99 (full 0):
 garbage-first heap   total 363520K, used 295936K [0x0000000080000000, 0x0000000100000000)
  region size 1024K, 4 young (4096K), 4 survivors (4096K)
 Metaspace       used 150941K, capacity 156098K, committed 156364K, reserved 1185792K
  class space    used 18958K, capacity 20838K, committed 20940K, reserved 1048576K
}
Event: 2296.634 GC heap before
{Heap before GC invocations=99 (full 0):
 garbage-first heap   total 363520K, used 310272K [0x0000000080000000, 0x0000000100000000)
  region size 1024K, 18 young (18432K), 4 survivors (4096K)
 Metaspace       used 150943K, capacity 156098K, committed 156364K, reserved 1185792K
  class space    used 18958K, capacity 20838K, committed 20940K, reserved 1048576K
}
Event: 2296.667 GC heap after
{Heap after GC invocations=100 (full 0):
 garbage-first heap   total 363520K, used 304893K [0x0000000080000000, 0x0000000100000000)
  region size 1024K, 3 young (3072K), 3 survivors (3072K)
 Metaspace       used 150943K, capacity 156098K, committed 156364K, reserved 1185792K
  class space    used 18958K, capacity 20838K, committed 20940K, reserved 1048576K
}
Event: 2296.807 GC heap before
{Heap before GC invocations=101 (full 0):
 garbage-first heap   total 363520K, used 319229K [0x0000000080000000, 0x0000000100000000)
  region size 1024K, 17 young (17408K), 3 survivors (3072K)
 Metaspace       used 150945K, capacity 156098K, committed 156364K, reserved 1185792K
  class space    used 18958K, capacity 20838K, committed 20940K, reserved 1048576K
}
Event: 2296.828 GC heap after
{Heap after GC invocations=102 (full 0):
 garbage-first heap   total 363520K, used 313311K [0x0000000080000000, 0x0000000100000000)
  region size 1024K, 3 young (3072K), 3 survivors (3072K)
 Metaspace       used 150945K, capacity 156098K, committed 156364K, reserved 1185792K
  class space    used 18958K, capacity 20838K, committed 20940K, reserved 1048576K
}
Event: 2296.898 GC heap before
{Heap before GC invocations=102 (full 0):
 garbage-first heap   total 363520K, used 327647K [0x0000000080000000, 0x0000000100000000)
  region size 1024K, 17 young (17408K), 3 survivors (3072K)
 Metaspace       used 150945K, capacity 156098K, committed 156364K, reserved 1185792K
  class space    used 18958K, capacity 20838K, committed 20940K, reserved 1048576K
}
Event: 2296.923 GC heap after
{Heap after GC invocations=103 (full 0):
 garbage-first heap   total 363520K, used 320072K [0x0000000080000000, 0x0000000100000000)
  region size 1024K, 3 young (3072K), 3 survivors (3072K)
 Metaspace       used 150945K, capacity 156098K, committed 156364K, reserved 1185792K
  class space    used 18958K, capacity 20838K, committed 20940K, reserved 1048576K
}
Event: 2297.004 GC heap before
{Heap before GC invocations=103 (full 0):
 garbage-first heap   total 363520K, used 334408K [0x0000000080000000, 0x0000000100000000)
  region size 1024K, 17 young (17408K), 3 survivors (3072K)
 Metaspace       used 150971K, capacity 156098K, committed 156364K, reserved 1185792K
  class space    used 18958K, capacity 20838K, committed 20940K, reserved 1048576K
}
Event: 2297.024 GC heap after
{Heap after GC invocations=104 (full 0):
 garbage-first heap   total 363520K, used 328321K [0x0000000080000000, 0x0000000100000000)
  region size 1024K, 3 young (3072K), 3 survivors (3072K)
 Metaspace       used 150971K, capacity 156098K, committed 156364K, reserved 1185792K
  class space    used 18958K, capacity 20838K, committed 20940K, reserved 1048576K
}
Event: 2297.140 GC heap before
{Heap before GC invocations=104 (full 0):
 garbage-first heap   total 363520K, used 342657K [0x0000000080000000, 0x0000000100000000)
  region size 1024K, 17 young (17408K), 3 survivors (3072K)
 Metaspace       used 150973K, capacity 156098K, committed 156364K, reserved 1185792K
  class space    used 18958K, capacity 20838K, committed 20940K, reserved 1048576K
}
Event: 2297.163 GC heap after
{Heap after GC invocations=105 (full 0):
 garbage-first heap   total 363520K, used 336647K [0x0000000080000000, 0x0000000100000000)
  region size 1024K, 3 young (3072K), 3 survivors (3072K)
 Metaspace       used 150973K, capacity 156098K, committed 156364K, reserved 1185792K
  class space    used 18958K, capacity 20838K, committed 20940K, reserved 1048576K
}
Event: 2297.247 GC heap before
{Heap before GC invocations=105 (full 0):
 garbage-first heap   total 363520K, used 350983K [0x0000000080000000, 0x0000000100000000)
  region size 1024K, 17 young (17408K), 3 survivors (3072K)
 Metaspace       used 150975K, capacity 156098K, committed 156364K, reserved 1185792K
  class space    used 18958K, capacity 20838K, committed 20940K, reserved 1048576K
}

