# JRE version: OpenJDK Runtime Environment (11.0.10) (build 11.0.10+0-b96-7249189)
# Java VM: OpenJDK 64-Bit Server VM (11.0.10+0-b96-7249189, mixed mode, tiered, compressed oops, g1 gc, windows-amd64)
Heap:
 garbage-first heap   total 327680K, used 221565K [0x0000000080000000, 0x0000000100000000)
  region size 1024K, 2 young (2048K), 2 survivors (2048K)
 Metaspace       used 123519K, capacity 126774K, committed 126976K, reserved 1159168K
  class space    used 15639K, capacity 16853K, committed 16896K, reserved 1048576K
GC Heap History (20 events):
Event: 38.823 GC heap after
{Heap after GC invocations=32 (full 0):
 garbage-first heap   total 262144K, used 197263K [0x0000000080000000, 0x0000000100000000)
  region size 1024K, 4 young (4096K), 4 survivors (4096K)
 Metaspace       used 120113K, capacity 123236K, committed 123264K, reserved 1157120K
  class space    used 15302K, capacity 16492K, committed 16512K, reserved 1048576K
}
Event: 39.041 GC heap before
{Heap before GC invocations=33 (full 0):
 garbage-first heap   total 262144K, used 222863K [0x0000000080000000, 0x0000000100000000)
  region size 1024K, 27 young (27648K), 4 survivors (4096K)
 Metaspace       used 120124K, capacity 123300K, committed 123520K, reserved 1157120K
  class space    used 15302K, capacity 16492K, committed 16512K, reserved 1048576K
}
Event: 39.059 GC heap after
{Heap after GC invocations=34 (full 0):
 garbage-first heap   total 262144K, used 208269K [0x0000000080000000, 0x0000000100000000)
  region size 1024K, 4 young (4096K), 4 survivors (4096K)
 Metaspace       used 120124K, capacity 123300K, committed 123520K, reserved 1157120K
  class space    used 15302K, capacity 16492K, committed 16512K, reserved 1048576K
}
Event: 39.146 GC heap before
{Heap before GC invocations=34 (full 0):
 garbage-first heap   total 262144K, used 216461K [0x0000000080000000, 0x0000000100000000)
  region size 1024K, 12 young (12288K), 4 survivors (4096K)
 Metaspace       used 120158K, capacity 123300K, committed 123520K, reserved 1157120K
  class space    used 15302K, capacity 16492K, committed 16512K, reserved 1048576K
}
Event: 39.162 GC heap after
{Heap after GC invocations=35 (full 0):
 garbage-first heap   total 262144K, used 209920K [0x0000000080000000, 0x0000000100000000)
  region size 1024K, 2 young (2048K), 2 survivors (2048K)
 Metaspace       used 120158K, capacity 123300K, committed 123520K, reserved 1157120K
  class space    used 15302K, capacity 16492K, committed 16512K, reserved 1048576K
}
Event: 39.342 GC heap before
{Heap before GC invocations=35 (full 0):
 garbage-first heap   total 262144K, used 222208K [0x0000000080000000, 0x0000000100000000)
  region size 1024K, 15 young (15360K), 2 survivors (2048K)
 Metaspace       used 120158K, capacity 123300K, committed 123520K, reserved 1157120K
  class space    used 15302K, capacity 16492K, committed 16512K, reserved 1048576K
}
Event: 39.348 GC heap after
{Heap after GC invocations=36 (full 0):
 garbage-first heap   total 262144K, used 212494K [0x0000000080000000, 0x0000000100000000)
  region size 1024K, 2 young (2048K), 2 survivors (2048K)
 Metaspace       used 120158K, capacity 123300K, committed 123520K, reserved 1157120K
  class space    used 15302K, capacity 16492K, committed 16512K, reserved 1048576K
}
Event: 39.539 GC heap before
{Heap before GC invocations=36 (full 0):
 garbage-first heap   total 262144K, used 224782K [0x0000000080000000, 0x0000000100000000)
  region size 1024K, 14 young (14336K), 2 survivors (2048K)
 Metaspace       used 120316K, capacity 123447K, committed 123520K, reserved 1157120K
  class space    used 15312K, capacity 16494K, committed 16512K, reserved 1048576K
}
Event: 39.545 GC heap after
{Heap after GC invocations=37 (full 0):
 garbage-first heap   total 262144K, used 213817K [0x0000000080000000, 0x0000000100000000)
  region size 1024K, 2 young (2048K), 2 survivors (2048K)
 Metaspace       used 120316K, capacity 123447K, committed 123520K, reserved 1157120K
  class space    used 15312K, capacity 16494K, committed 16512K, reserved 1048576K
}
Event: 39.755 GC heap before
{Heap before GC invocations=37 (full 0):
 garbage-first heap   total 262144K, used 224057K [0x0000000080000000, 0x0000000100000000)
  region size 1024K, 13 young (13312K), 2 survivors (2048K)
 Metaspace       used 120816K, capacity 124027K, committed 124160K, reserved 1157120K
  class space    used 15372K, capacity 16581K, committed 16640K, reserved 1048576K
}
Event: 39.764 GC heap after
{Heap after GC invocations=38 (full 0):
 garbage-first heap   total 262144K, used 214428K [0x0000000080000000, 0x0000000100000000)
  region size 1024K, 1 young (1024K), 1 survivors (1024K)
 Metaspace       used 120816K, capacity 124027K, committed 124160K, reserved 1157120K
  class space    used 15372K, capacity 16581K, committed 16640K, reserved 1048576K
}
Event: 40.313 GC heap before
{Heap before GC invocations=39 (full 0):
 garbage-first heap   total 262144K, used 225692K [0x0000000080000000, 0x0000000100000000)
  region size 1024K, 13 young (13312K), 1 survivors (1024K)
 Metaspace       used 123443K, capacity 126710K, committed 126976K, reserved 1159168K
  class space    used 15636K, capacity 16853K, committed 16896K, reserved 1048576K
}
Event: 40.319 GC heap after
{Heap after GC invocations=40 (full 0):
 garbage-first heap   total 262144K, used 217269K [0x0000000080000000, 0x0000000100000000)
  region size 1024K, 2 young (2048K), 2 survivors (2048K)
 Metaspace       used 123443K, capacity 126710K, committed 126976K, reserved 1159168K
  class space    used 15636K, capacity 16853K, committed 16896K, reserved 1048576K
}
Event: 40.537 GC heap before
{Heap before GC invocations=40 (full 0):
 garbage-first heap   total 262144K, used 234677K [0x0000000080000000, 0x0000000100000000)
  region size 1024K, 12 young (12288K), 2 survivors (2048K)
 Metaspace       used 123504K, capacity 126774K, committed 126976K, reserved 1159168K
  class space    used 15639K, capacity 16853K, committed 16896K, reserved 1048576K
}
Event: 40.551 GC heap after
{Heap after GC invocations=41 (full 0):
 garbage-first heap   total 262144K, used 215581K [0x0000000080000000, 0x0000000100000000)
  region size 1024K, 2 young (2048K), 2 survivors (2048K)
 Metaspace       used 123504K, capacity 126774K, committed 126976K, reserved 1159168K
  class space    used 15639K, capacity 16853K, committed 16896K, reserved 1048576K
}
Event: 40.717 GC heap before
{Heap before GC invocations=41 (full 0):
 garbage-first heap   total 262144K, used 225821K [0x0000000080000000, 0x0000000100000000)
  region size 1024K, 13 young (13312K), 2 survivors (2048K)
 Metaspace       used 123511K, capacity 126774K, committed 126976K, reserved 1159168K
  class space    used 15639K, capacity 16853K, committed 16896K, reserved 1048576K
}
Event: 40.728 GC heap after
{Heap after GC invocations=42 (full 0):
 garbage-first heap   total 262144K, used 217871K [0x0000000080000000, 0x0000000100000000)
  region size 1024K, 2 young (2048K), 2 survivors (2048K)
 Metaspace       used 123511K, capacity 126774K, committed 126976K, reserved 1159168K
  class space    used 15639K, capacity 16853K, committed 16896K, reserved 1048576K
}
Event: 40.851 GC heap before
{Heap before GC invocations=42 (full 0):
 garbage-first heap   total 262144K, used 228111K [0x0000000080000000, 0x0000000100000000)
  region size 1024K, 12 young (12288K), 2 survivors (2048K)
 Metaspace       used 123517K, capacity 126774K, committed 126976K, reserved 1159168K
  class space    used 15639K, capacity 16853K, committed 16896K, reserved 1048576K
}
Event: 40.863 GC heap after
{Heap after GC invocations=43 (full 0):
 garbage-first heap   total 262144K, used 219882K [0x0000000080000000, 0x0000000100000000)
  region size 1024K, 2 young (2048K), 2 survivors (2048K)
 Metaspace       used 123517K, capacity 126774K, committed 126976K, reserved 1159168K
  class space    used 15639K, capacity 16853K, committed 16896K, reserved 1048576K
}
Event: 41.001 GC heap before
{Heap before GC invocations=43 (full 0):
 garbage-first heap   total 262144K, used 229098K [0x0000000080000000, 0x0000000100000000)
  region size 1024K, 12 young (12288K), 2 survivors (2048K)
 Metaspace       used 123519K, capacity 126774K, committed 126976K, reserved 1159168K
  class space    used 15639K, capacity 16853K, committed 16896K, reserved 1048576K
}

