# JRE version: OpenJDK Runtime Environment (11.0.10) (build 11.0.10+0-b96-7249189)
# Java VM: OpenJDK 64-Bit Server VM (11.0.10+0-b96-7249189, mixed mode, tiered, compressed oops, g1 gc, windows-amd64)
Heap:
 garbage-first heap   total 262144K, used 170837K [0x0000000080000000, 0x0000000100000000)
  region size 1024K, 55 young (56320K), 12 survivors (12288K)
 Metaspace       used 109114K, capacity 111843K, committed 112128K, reserved 1146880K
  class space    used 13965K, capacity 14981K, committed 15104K, reserved 1048576K
GC Heap History (20 events):
Event: 10.388 GC heap before
{Heap before GC invocations=8 (full 0):
 garbage-first heap   total 262144K, used 78179K [0x0000000080000000, 0x0000000100000000)
  region size 1024K, 48 young (49152K), 18 survivors (18432K)
 Metaspace       used 58527K, capacity 60048K, committed 60160K, reserved 1101824K
  class space    used 7429K, capacity 8000K, committed 8064K, reserved 1048576K
}
Event: 10.424 GC heap after
{Heap after GC invocations=9 (full 0):
 garbage-first heap   total 262144K, used 52565K [0x0000000080000000, 0x0000000100000000)
  region size 1024K, 4 young (4096K), 4 survivors (4096K)
 Metaspace       used 58527K, capacity 60048K, committed 60160K, reserved 1101824K
  class space    used 7429K, capacity 8000K, committed 8064K, reserved 1048576K
}
Event: 12.000 GC heap before
{Heap before GC invocations=10 (full 0):
 garbage-first heap   total 262144K, used 158037K [0x0000000080000000, 0x0000000100000000)
  region size 1024K, 107 young (109568K), 4 survivors (4096K)
 Metaspace       used 65929K, capacity 67489K, committed 67712K, reserved 1107968K
  class space    used 8379K, capacity 8966K, committed 9088K, reserved 1048576K
}
Event: 12.020 GC heap after
{Heap after GC invocations=11 (full 0):
 garbage-first heap   total 262144K, used 58715K [0x0000000080000000, 0x0000000100000000)
  region size 1024K, 10 young (10240K), 10 survivors (10240K)
 Metaspace       used 65929K, capacity 67489K, committed 67712K, reserved 1107968K
  class space    used 8379K, capacity 8966K, committed 9088K, reserved 1048576K
}
Event: 13.784 GC heap before
{Heap before GC invocations=12 (full 0):
 garbage-first heap   total 262144K, used 168283K [0x0000000080000000, 0x0000000100000000)
  region size 1024K, 117 young (119808K), 10 survivors (10240K)
 Metaspace       used 73667K, capacity 75414K, committed 75520K, reserved 1114112K
  class space    used 9543K, capacity 10170K, committed 10240K, reserved 1048576K
}
Event: 13.808 GC heap after
{Heap after GC invocations=13 (full 0):
 garbage-first heap   total 262144K, used 66352K [0x0000000080000000, 0x0000000100000000)
  region size 1024K, 8 young (8192K), 8 survivors (8192K)
 Metaspace       used 73667K, capacity 75414K, committed 75520K, reserved 1114112K
  class space    used 9543K, capacity 10170K, committed 10240K, reserved 1048576K
}
Event: 15.913 GC heap before
{Heap before GC invocations=13 (full 0):
 garbage-first heap   total 262144K, used 177968K [0x0000000080000000, 0x0000000100000000)
  region size 1024K, 117 young (119808K), 8 survivors (8192K)
 Metaspace       used 82642K, capacity 84825K, committed 84864K, reserved 1122304K
  class space    used 10821K, capacity 11612K, committed 11648K, reserved 1048576K
}
Event: 15.934 GC heap after
{Heap after GC invocations=14 (full 0):
 garbage-first heap   total 262144K, used 74752K [0x0000000080000000, 0x0000000100000000)
  region size 1024K, 15 young (15360K), 15 survivors (15360K)
 Metaspace       used 82642K, capacity 84825K, committed 84864K, reserved 1122304K
  class space    used 10821K, capacity 11612K, committed 11648K, reserved 1048576K
}
Event: 17.607 GC heap before
{Heap before GC invocations=14 (full 0):
 garbage-first heap   total 262144K, used 187392K [0x0000000080000000, 0x0000000100000000)
  region size 1024K, 124 young (126976K), 15 survivors (15360K)
 Metaspace       used 85414K, capacity 87701K, committed 87808K, reserved 1124352K
  class space    used 11088K, capacity 11938K, committed 12032K, reserved 1048576K
}
Event: 17.645 GC heap after
{Heap after GC invocations=15 (full 0):
 garbage-first heap   total 262144K, used 93340K [0x0000000080000000, 0x0000000100000000)
  region size 1024K, 16 young (16384K), 16 survivors (16384K)
 Metaspace       used 85414K, capacity 87701K, committed 87808K, reserved 1124352K
  class space    used 11088K, capacity 11938K, committed 12032K, reserved 1048576K
}
Event: 18.845 GC heap before
{Heap before GC invocations=15 (full 0):
 garbage-first heap   total 262144K, used 201884K [0x0000000080000000, 0x0000000100000000)
  region size 1024K, 108 young (110592K), 16 survivors (16384K)
 Metaspace       used 90179K, capacity 92492K, committed 92672K, reserved 1130496K
  class space    used 11613K, capacity 12463K, committed 12544K, reserved 1048576K
}
Event: 18.873 GC heap after
{Heap after GC invocations=16 (full 0):
 garbage-first heap   total 262144K, used 102449K [0x0000000080000000, 0x0000000100000000)
  region size 1024K, 8 young (8192K), 8 survivors (8192K)
 Metaspace       used 90179K, capacity 92492K, committed 92672K, reserved 1130496K
  class space    used 11613K, capacity 12463K, committed 12544K, reserved 1048576K
}
Event: 19.694 GC heap before
{Heap before GC invocations=16 (full 0):
 garbage-first heap   total 262144K, used 193585K [0x0000000080000000, 0x0000000100000000)
  region size 1024K, 98 young (100352K), 8 survivors (8192K)
 Metaspace       used 92541K, capacity 94965K, committed 94976K, reserved 1132544K
  class space    used 11913K, capacity 12800K, committed 12800K, reserved 1048576K
}
Event: 19.716 GC heap after
{Heap after GC invocations=17 (full 0):
 garbage-first heap   total 262144K, used 105626K [0x0000000080000000, 0x0000000100000000)
  region size 1024K, 11 young (11264K), 11 survivors (11264K)
 Metaspace       used 92541K, capacity 94965K, committed 94976K, reserved 1132544K
  class space    used 11913K, capacity 12800K, committed 12800K, reserved 1048576K
}
Event: 22.420 GC heap before
{Heap before GC invocations=17 (full 0):
 garbage-first heap   total 262144K, used 198810K [0x0000000080000000, 0x0000000100000000)
  region size 1024K, 103 young (105472K), 11 survivors (11264K)
 Metaspace       used 95104K, capacity 97527K, committed 97664K, reserved 1134592K
  class space    used 12203K, capacity 13080K, committed 13184K, reserved 1048576K
}
Event: 22.437 GC heap after
{Heap after GC invocations=18 (full 0):
 garbage-first heap   total 262144K, used 114783K [0x0000000080000000, 0x0000000100000000)
  region size 1024K, 13 young (13312K), 13 survivors (13312K)
 Metaspace       used 95104K, capacity 97527K, committed 97664K, reserved 1134592K
  class space    used 12203K, capacity 13080K, committed 13184K, reserved 1048576K
}
Event: 23.906 GC heap before
{Heap before GC invocations=18 (full 0):
 garbage-first heap   total 262144K, used 203871K [0x0000000080000000, 0x0000000100000000)
  region size 1024K, 101 young (103424K), 13 survivors (13312K)
 Metaspace       used 99709K, capacity 102216K, committed 102400K, reserved 1138688K
  class space    used 12805K, capacity 13724K, committed 13824K, reserved 1048576K
}
Event: 23.923 GC heap after
{Heap after GC invocations=19 (full 0):
 garbage-first heap   total 262144K, used 117445K [0x0000000080000000, 0x0000000100000000)
  region size 1024K, 6 young (6144K), 6 survivors (6144K)
 Metaspace       used 99709K, capacity 102216K, committed 102400K, reserved 1138688K
  class space    used 12805K, capacity 13724K, committed 13824K, reserved 1048576K
}
Event: 28.939 GC heap before
{Heap before GC invocations=19 (full 0):
 garbage-first heap   total 262144K, used 207557K [0x0000000080000000, 0x0000000100000000)
  region size 1024K, 95 young (97280K), 6 survivors (6144K)
 Metaspace       used 104888K, capacity 107536K, committed 107776K, reserved 1142784K
  class space    used 13497K, capacity 14485K, committed 14592K, reserved 1048576K
}
Event: 28.955 GC heap after
{Heap after GC invocations=20 (full 0):
 garbage-first heap   total 262144K, used 125781K [0x0000000080000000, 0x0000000100000000)
  region size 1024K, 12 young (12288K), 12 survivors (12288K)
 Metaspace       used 104888K, capacity 107536K, committed 107776K, reserved 1142784K
  class space    used 13497K, capacity 14485K, committed 14592K, reserved 1048576K
}

