# JRE version: OpenJDK Runtime Environment (11.0.10) (build 11.0.10+0-b96-7249189)
# Java VM: OpenJDK 64-Bit Server VM (11.0.10+0-b96-7249189, mixed mode, tiered, compressed oops, g1 gc, windows-amd64)
Heap:
 garbage-first heap   total 680960K, used 339400K [0x0000000080000000, 0x0000000100000000)
  region size 1024K, 6 young (6144K), 6 survivors (6144K)
 Metaspace       used 97857K, capacity 100339K, committed 100608K, reserved 1136640K
  class space    used 12837K, capacity 13751K, committed 13824K, reserved 1048576K
GC Heap History (20 events):
Event: 16.766 GC heap after
{Heap after GC invocations=18 (full 0):
 garbage-first heap   total 315392K, used 99256K [0x0000000080000000, 0x0000000100000000)
  region size 1024K, 14 young (14336K), 14 survivors (14336K)
 Metaspace       used 89586K, capacity 91938K, committed 92160K, reserved 1128448K
  class space    used 11590K, capacity 12455K, committed 12544K, reserved 1048576K
}
Event: 17.438 GC heap before
{Heap before GC invocations=18 (full 0):
 garbage-first heap   total 315392K, used 232376K [0x0000000080000000, 0x0000000100000000)
  region size 1024K, 91 young (93184K), 14 survivors (14336K)
 Metaspace       used 93240K, capacity 95658K, committed 96000K, reserved 1132544K
  class space    used 12083K, capacity 12950K, committed 13056K, reserved 1048576K
}
Event: 17.463 GC heap after
{Heap after GC invocations=19 (full 0):
 garbage-first heap   total 315392K, used 161395K [0x0000000080000000, 0x0000000100000000)
  region size 1024K, 18 young (18432K), 18 survivors (18432K)
 Metaspace       used 93240K, capacity 95658K, committed 96000K, reserved 1132544K
  class space    used 12083K, capacity 12950K, committed 13056K, reserved 1048576K
}
Event: 17.926 GC heap before
{Heap before GC invocations=20 (full 0):
 garbage-first heap   total 315392K, used 200307K [0x0000000080000000, 0x0000000100000000)
  region size 1024K, 52 young (53248K), 18 survivors (18432K)
 Metaspace       used 93081K, capacity 95310K, committed 96256K, reserved 1132544K
  class space    used 11981K, capacity 12761K, committed 13056K, reserved 1048576K
}
Event: 18.006 GC heap after
{Heap after GC invocations=21 (full 0):
 garbage-first heap   total 315392K, used 176128K [0x0000000080000000, 0x0000000100000000)
  region size 1024K, 13 young (13312K), 13 survivors (13312K)
 Metaspace       used 93081K, capacity 95310K, committed 96256K, reserved 1132544K
  class space    used 11981K, capacity 12761K, committed 13056K, reserved 1048576K
}
Event: 18.343 GC heap before
{Heap before GC invocations=22 (full 0):
 garbage-first heap   total 315392K, used 217088K [0x0000000080000000, 0x0000000100000000)
  region size 1024K, 52 young (53248K), 13 survivors (13312K)
 Metaspace       used 93081K, capacity 95310K, committed 96256K, reserved 1132544K
  class space    used 11981K, capacity 12761K, committed 13056K, reserved 1048576K
}
Event: 18.381 GC heap after
{Heap after GC invocations=23 (full 0):
 garbage-first heap   total 315392K, used 191938K [0x0000000080000000, 0x0000000100000000)
  region size 1024K, 9 young (9216K), 9 survivors (9216K)
 Metaspace       used 93081K, capacity 95310K, committed 96256K, reserved 1132544K
  class space    used 11981K, capacity 12761K, committed 13056K, reserved 1048576K
}
Event: 18.954 GC heap before
{Heap before GC invocations=24 (full 0):
 garbage-first heap   total 315392K, used 241090K [0x0000000080000000, 0x0000000100000000)
  region size 1024K, 54 young (55296K), 9 survivors (9216K)
 Metaspace       used 95228K, capacity 97572K, committed 98176K, reserved 1134592K
  class space    used 12467K, capacity 13310K, committed 13440K, reserved 1048576K
}
Event: 19.016 GC heap after
{Heap after GC invocations=25 (full 0):
 garbage-first heap   total 315392K, used 215770K [0x0000000080000000, 0x0000000100000000)
  region size 1024K, 7 young (7168K), 7 survivors (7168K)
 Metaspace       used 95228K, capacity 97572K, committed 98176K, reserved 1134592K
  class space    used 12467K, capacity 13310K, committed 13440K, reserved 1048576K
}
Event: 19.180 GC heap before
{Heap before GC invocations=25 (full 0):
 garbage-first heap   total 315392K, used 250586K [0x0000000080000000, 0x0000000100000000)
  region size 1024K, 42 young (43008K), 7 survivors (7168K)
 Metaspace       used 95330K, capacity 97647K, committed 98176K, reserved 1134592K
  class space    used 12468K, capacity 13310K, committed 13440K, reserved 1048576K
}
Event: 19.229 GC heap after
{Heap after GC invocations=26 (full 0):
 garbage-first heap   total 315392K, used 235520K [0x0000000080000000, 0x0000000100000000)
  region size 1024K, 6 young (6144K), 6 survivors (6144K)
 Metaspace       used 95330K, capacity 97647K, committed 98176K, reserved 1134592K
  class space    used 12468K, capacity 13310K, committed 13440K, reserved 1048576K
}
Event: 19.354 GC heap before
{Heap before GC invocations=26 (full 0):
 garbage-first heap   total 315392K, used 259072K [0x0000000080000000, 0x0000000100000000)
  region size 1024K, 29 young (29696K), 6 survivors (6144K)
 Metaspace       used 95337K, capacity 97647K, committed 98176K, reserved 1134592K
  class space    used 12468K, capacity 13310K, committed 13440K, reserved 1048576K
}
Event: 19.388 GC heap after
{Heap after GC invocations=27 (full 0):
 garbage-first heap   total 463872K, used 248832K [0x0000000080000000, 0x0000000100000000)
  region size 1024K, 4 young (4096K), 4 survivors (4096K)
 Metaspace       used 95337K, capacity 97647K, committed 98176K, reserved 1134592K
  class space    used 12468K, capacity 13310K, committed 13440K, reserved 1048576K
}
Event: 19.851 GC heap before
{Heap before GC invocations=27 (full 0):
 garbage-first heap   total 463872K, used 315392K [0x0000000080000000, 0x0000000100000000)
  region size 1024K, 71 young (72704K), 4 survivors (4096K)
 Metaspace       used 95381K, capacity 97711K, committed 98176K, reserved 1134592K
  class space    used 12468K, capacity 13310K, committed 13440K, reserved 1048576K
}
Event: 19.912 GC heap after
{Heap after GC invocations=28 (full 0):
 garbage-first heap   total 463872K, used 283648K [0x0000000080000000, 0x0000000100000000)
  region size 1024K, 9 young (9216K), 9 survivors (9216K)
 Metaspace       used 95381K, capacity 97711K, committed 98176K, reserved 1134592K
  class space    used 12468K, capacity 13310K, committed 13440K, reserved 1048576K
}
Event: 20.290 GC heap before
{Heap before GC invocations=29 (full 0):
 garbage-first heap   total 463872K, used 338944K [0x0000000080000000, 0x0000000100000000)
  region size 1024K, 64 young (65536K), 9 survivors (9216K)
 Metaspace       used 95382K, capacity 97711K, committed 98176K, reserved 1134592K
  class space    used 12468K, capacity 13310K, committed 13440K, reserved 1048576K
}
Event: 20.342 GC heap after
{Heap after GC invocations=30 (full 0):
 garbage-first heap   total 463872K, used 314880K [0x0000000080000000, 0x0000000100000000)
  region size 1024K, 8 young (8192K), 8 survivors (8192K)
 Metaspace       used 95382K, capacity 97711K, committed 98176K, reserved 1134592K
  class space    used 12468K, capacity 13310K, committed 13440K, reserved 1048576K
}
Event: 20.946 GC heap before
{Heap before GC invocations=30 (full 0):
 garbage-first heap   total 463872K, used 358912K [0x0000000080000000, 0x0000000100000000)
  region size 1024K, 52 young (53248K), 8 survivors (8192K)
 Metaspace       used 97215K, capacity 99632K, committed 99968K, reserved 1136640K
  class space    used 12740K, capacity 13604K, committed 13696K, reserved 1048576K
}
Event: 20.990 GC heap after
{Heap after GC invocations=31 (full 0):
 garbage-first heap   total 463872K, used 330240K [0x0000000080000000, 0x0000000100000000)
  region size 1024K, 7 young (7168K), 7 survivors (7168K)
 Metaspace       used 97215K, capacity 99632K, committed 99968K, reserved 1136640K
  class space    used 12740K, capacity 13604K, committed 13696K, reserved 1048576K
}
Event: 21.665 GC heap before
{Heap before GC invocations=31 (full 0):
 garbage-first heap   total 463872K, used 370176K [0x0000000080000000, 0x0000000100000000)
  region size 1024K, 47 young (48128K), 7 survivors (7168K)
 Metaspace       used 97857K, capacity 100339K, committed 100608K, reserved 1136640K
  class space    used 12837K, capacity 13751K, committed 13824K, reserved 1048576K
}

