# JRE version: OpenJDK Runtime Environment (11.0.10) (build 11.0.10+0-b96-7249189)
# Java VM: OpenJDK 64-Bit Server VM (11.0.10+0-b96-7249189, mixed mode, tiered, compressed oops, g1 gc, windows-amd64)
Heap:
 garbage-first heap   total 427008K, used 258802K [0x0000000080000000, 0x0000000100000000)
  region size 1024K, 2 young (2048K), 2 survivors (2048K)
 Metaspace       used 115347K, capacity 118553K, committed 118656K, reserved 1153024K
  class space    used 14731K, capacity 15901K, committed 16000K, reserved 1048576K
GC Heap History (20 events):
Event: 39.457 GC heap after
{Heap after GC invocations=30 (full 0):
 garbage-first heap   total 262144K, used 146214K [0x0000000080000000, 0x0000000100000000)
  region size 1024K, 6 young (6144K), 6 survivors (6144K)
 Metaspace       used 113280K, capacity 116378K, committed 116608K, reserved 1150976K
  class space    used 14472K, capacity 15609K, committed 15744K, reserved 1048576K
}
Event: 40.288 GC heap before
{Heap before GC invocations=31 (full 0):
 garbage-first heap   total 262144K, used 212774K [0x0000000080000000, 0x0000000100000000)
  region size 1024K, 72 young (73728K), 6 survivors (6144K)
 Metaspace       used 113825K, capacity 116959K, committed 117120K, reserved 1150976K
  class space    used 14530K, capacity 15654K, committed 15744K, reserved 1048576K
}
Event: 40.302 GC heap after
{Heap after GC invocations=32 (full 0):
 garbage-first heap   total 262144K, used 150239K [0x0000000080000000, 0x0000000100000000)
  region size 1024K, 7 young (7168K), 7 survivors (7168K)
 Metaspace       used 113825K, capacity 116959K, committed 117120K, reserved 1150976K
  class space    used 14530K, capacity 15654K, committed 15744K, reserved 1048576K
}
Event: 40.324 GC heap before
{Heap before GC invocations=32 (full 0):
 garbage-first heap   total 262144K, used 154335K [0x0000000080000000, 0x0000000100000000)
  region size 1024K, 12 young (12288K), 7 survivors (7168K)
 Metaspace       used 113826K, capacity 116959K, committed 117120K, reserved 1150976K
  class space    used 14530K, capacity 15654K, committed 15744K, reserved 1048576K
}
Event: 40.347 GC heap after
{Heap after GC invocations=33 (full 0):
 garbage-first heap   total 262144K, used 148125K [0x0000000080000000, 0x0000000100000000)
  region size 1024K, 2 young (2048K), 2 survivors (2048K)
 Metaspace       used 113826K, capacity 116959K, committed 117120K, reserved 1150976K
  class space    used 14530K, capacity 15654K, committed 15744K, reserved 1048576K
}
Event: 40.985 GC heap before
{Heap before GC invocations=33 (full 0):
 garbage-first heap   total 262144K, used 213661K [0x0000000080000000, 0x0000000100000000)
  region size 1024K, 67 young (68608K), 2 survivors (2048K)
 Metaspace       used 114108K, capacity 117219K, committed 117504K, reserved 1150976K
  class space    used 14561K, capacity 15695K, committed 15872K, reserved 1048576K
}
Event: 40.997 GC heap after
{Heap after GC invocations=34 (full 0):
 garbage-first heap   total 262144K, used 152166K [0x0000000080000000, 0x0000000100000000)
  region size 1024K, 6 young (6144K), 6 survivors (6144K)
 Metaspace       used 114108K, capacity 117219K, committed 117504K, reserved 1150976K
  class space    used 14561K, capacity 15695K, committed 15872K, reserved 1048576K
}
Event: 41.578 GC heap before
{Heap before GC invocations=35 (full 0):
 garbage-first heap   total 267264K, used 264806K [0x0000000080000000, 0x0000000100000000)
  region size 1024K, 54 young (55296K), 6 survivors (6144K)
 Metaspace       used 115111K, capacity 118318K, committed 118656K, reserved 1153024K
  class space    used 14706K, capacity 15866K, committed 16000K, reserved 1048576K
}
Event: 41.600 GC heap after
{Heap after GC invocations=36 (full 0):
 garbage-first heap   total 293888K, used 216249K [0x0000000080000000, 0x0000000100000000)
  region size 1024K, 9 young (9216K), 9 survivors (9216K)
 Metaspace       used 115111K, capacity 118318K, committed 118656K, reserved 1153024K
  class space    used 14706K, capacity 15866K, committed 16000K, reserved 1048576K
}
Event: 41.688 GC heap before
{Heap before GC invocations=36 (full 0):
 garbage-first heap   total 293888K, used 221369K [0x0000000080000000, 0x0000000100000000)
  region size 1024K, 14 young (14336K), 9 survivors (9216K)
 Metaspace       used 115338K, capacity 118553K, committed 118656K, reserved 1153024K
  class space    used 14731K, capacity 15901K, committed 16000K, reserved 1048576K
}
Event: 41.696 GC heap after
{Heap after GC invocations=37 (full 0):
 garbage-first heap   total 293888K, used 217869K [0x0000000080000000, 0x0000000100000000)
  region size 1024K, 2 young (2048K), 2 survivors (2048K)
 Metaspace       used 115338K, capacity 118553K, committed 118656K, reserved 1153024K
  class space    used 14731K, capacity 15901K, committed 16000K, reserved 1048576K
}
Event: 41.914 GC heap before
{Heap before GC invocations=37 (full 0):
 garbage-first heap   total 293888K, used 244493K [0x0000000080000000, 0x0000000100000000)
  region size 1024K, 28 young (28672K), 2 survivors (2048K)
 Metaspace       used 115347K, capacity 118553K, committed 118656K, reserved 1153024K
  class space    used 14731K, capacity 15901K, committed 16000K, reserved 1048576K
}
Event: 41.936 GC heap after
{Heap after GC invocations=38 (full 0):
 garbage-first heap   total 293888K, used 228663K [0x0000000080000000, 0x0000000100000000)
  region size 1024K, 4 young (4096K), 4 survivors (4096K)
 Metaspace       used 115347K, capacity 118553K, committed 118656K, reserved 1153024K
  class space    used 14731K, capacity 15901K, committed 16000K, reserved 1048576K
}
Event: 42.149 GC heap before
{Heap before GC invocations=38 (full 0):
 garbage-first heap   total 293888K, used 248119K [0x0000000080000000, 0x0000000100000000)
  region size 1024K, 22 young (22528K), 4 survivors (4096K)
 Metaspace       used 115347K, capacity 118553K, committed 118656K, reserved 1153024K
  class space    used 14731K, capacity 15901K, committed 16000K, reserved 1048576K
}
Event: 42.173 GC heap after
{Heap after GC invocations=39 (full 0):
 garbage-first heap   total 293888K, used 238301K [0x0000000080000000, 0x0000000100000000)
  region size 1024K, 3 young (3072K), 3 survivors (3072K)
 Metaspace       used 115347K, capacity 118553K, committed 118656K, reserved 1153024K
  class space    used 14731K, capacity 15901K, committed 16000K, reserved 1048576K
}
Event: 42.297 GC heap before
{Heap before GC invocations=39 (full 0):
 garbage-first heap   total 293888K, used 250589K [0x0000000080000000, 0x0000000100000000)
  region size 1024K, 16 young (16384K), 3 survivors (3072K)
 Metaspace       used 115347K, capacity 118553K, committed 118656K, reserved 1153024K
  class space    used 14731K, capacity 15901K, committed 16000K, reserved 1048576K
}
Event: 42.319 GC heap after
{Heap after GC invocations=40 (full 0):
 garbage-first heap   total 293888K, used 243893K [0x0000000080000000, 0x0000000100000000)
  region size 1024K, 2 young (2048K), 2 survivors (2048K)
 Metaspace       used 115347K, capacity 118553K, committed 118656K, reserved 1153024K
  class space    used 14731K, capacity 15901K, committed 16000K, reserved 1048576K
}
Event: 42.436 GC heap before
{Heap before GC invocations=40 (full 0):
 garbage-first heap   total 293888K, used 260277K [0x0000000080000000, 0x0000000100000000)
  region size 1024K, 14 young (14336K), 2 survivors (2048K)
 Metaspace       used 115347K, capacity 118553K, committed 118656K, reserved 1153024K
  class space    used 14731K, capacity 15901K, committed 16000K, reserved 1048576K
}
Event: 42.460 GC heap after
{Heap after GC invocations=41 (full 0):
 garbage-first heap   total 293888K, used 253220K [0x0000000080000000, 0x0000000100000000)
  region size 1024K, 2 young (2048K), 2 survivors (2048K)
 Metaspace       used 115347K, capacity 118553K, committed 118656K, reserved 1153024K
  class space    used 14731K, capacity 15901K, committed 16000K, reserved 1048576K
}
Event: 42.546 GC heap before
{Heap before GC invocations=41 (full 0):
 garbage-first heap   total 293888K, used 264484K [0x0000000080000000, 0x0000000100000000)
  region size 1024K, 14 young (14336K), 2 survivors (2048K)
 Metaspace       used 115347K, capacity 118553K, committed 118656K, reserved 1153024K
  class space    used 14731K, capacity 15901K, committed 16000K, reserved 1048576K
}

