# JRE version: OpenJDK Runtime Environment (11.0.10) (build 11.0.10+0-b96-7249189)
# Java VM: OpenJDK 64-Bit Server VM (11.0.10+0-b96-7249189, mixed mode, tiered, compressed oops, g1 gc, windows-amd64)
Heap:
 garbage-first heap   total 262144K, used 151747K [0x0000000080000000, 0x0000000100000000)
  region size 1024K, 101 young (103424K), 12 survivors (12288K)
 Metaspace       used 75042K, capacity 76739K, committed 77004K, reserved 1116160K
  class space    used 9775K, capacity 10420K, committed 10444K, reserved 1048576K
GC Heap History (14 events):
Event: 0.679 GC heap before
{Heap before GC invocations=0 (full 0):
 garbage-first heap   total 262144K, used 29696K [0x0000000080000000, 0x0000000100000000)
  region size 1024K, 24 young (24576K), 0 survivors (0K)
 Metaspace       used 10185K, capacity 10363K, committed 10624K, reserved 1058816K
  class space    used 1065K, capacity 1141K, committed 1152K, reserved 1048576K
}
Event: 0.683 GC heap after
{Heap after GC invocations=1 (full 0):
 garbage-first heap   total 262144K, used 9211K [0x0000000080000000, 0x0000000100000000)
  region size 1024K, 3 young (3072K), 3 survivors (3072K)
 Metaspace       used 10185K, capacity 10363K, committed 10624K, reserved 1058816K
  class space    used 1065K, capacity 1141K, committed 1152K, reserved 1048576K
}
Event: 2.547 GC heap before
{Heap before GC invocations=1 (full 0):
 garbage-first heap   total 262144K, used 104443K [0x0000000080000000, 0x0000000100000000)
  region size 1024K, 97 young (99328K), 3 survivors (3072K)
 Metaspace       used 20614K, capacity 21124K, committed 21248K, reserved 1067008K
  class space    used 2523K, capacity 2722K, committed 2816K, reserved 1048576K
}
Event: 2.557 GC heap after
{Heap after GC invocations=2 (full 0):
 garbage-first heap   total 262144K, used 16641K [0x0000000080000000, 0x0000000100000000)
  region size 1024K, 11 young (11264K), 11 survivors (11264K)
 Metaspace       used 20614K, capacity 21124K, committed 21248K, reserved 1067008K
  class space    used 2523K, capacity 2722K, committed 2816K, reserved 1048576K
}
Event: 2.867 GC heap before
{Heap before GC invocations=3 (full 0):
 garbage-first heap   total 262144K, used 47361K [0x0000000080000000, 0x0000000100000000)
  region size 1024K, 41 young (41984K), 11 survivors (11264K)
 Metaspace       used 23518K, capacity 24151K, committed 24320K, reserved 1071104K
  class space    used 3003K, capacity 3224K, committed 3328K, reserved 1048576K
}
Event: 2.875 GC heap after
{Heap after GC invocations=4 (full 0):
 garbage-first heap   total 262144K, used 17913K [0x0000000080000000, 0x0000000100000000)
  region size 1024K, 2 young (2048K), 2 survivors (2048K)
 Metaspace       used 23518K, capacity 24151K, committed 24320K, reserved 1071104K
  class space    used 3003K, capacity 3224K, committed 3328K, reserved 1048576K
}
Event: 4.298 GC heap before
{Heap before GC invocations=4 (full 0):
 garbage-first heap   total 262144K, used 97785K [0x0000000080000000, 0x0000000100000000)
  region size 1024K, 81 young (82944K), 2 survivors (2048K)
 Metaspace       used 35014K, capacity 35830K, committed 35840K, reserved 1081344K
  class space    used 4541K, capacity 4864K, committed 4864K, reserved 1048576K
}
Event: 4.311 GC heap after
{Heap after GC invocations=5 (full 0):
 garbage-first heap   total 262144K, used 22062K [0x0000000080000000, 0x0000000100000000)
  region size 1024K, 6 young (6144K), 6 survivors (6144K)
 Metaspace       used 35014K, capacity 35830K, committed 35840K, reserved 1081344K
  class space    used 4541K, capacity 4864K, committed 4864K, reserved 1048576K
}
Event: 6.120 GC heap before
{Heap before GC invocations=6 (full 0):
 garbage-first heap   total 262144K, used 148014K [0x0000000080000000, 0x0000000100000000)
  region size 1024K, 126 young (129024K), 6 survivors (6144K)
 Metaspace       used 44814K, capacity 45998K, committed 46156K, reserved 1089536K
  class space    used 5768K, capacity 6155K, committed 6220K, reserved 1048576K
}
Event: 6.135 GC heap after
{Heap after GC invocations=7 (full 0):
 garbage-first heap   total 262144K, used 28727K [0x0000000080000000, 0x0000000100000000)
  region size 1024K, 12 young (12288K), 12 survivors (12288K)
 Metaspace       used 44814K, capacity 45998K, committed 46156K, reserved 1089536K
  class space    used 5768K, capacity 6155K, committed 6220K, reserved 1048576K
}
Event: 8.718 GC heap before
{Heap before GC invocations=7 (full 0):
 garbage-first heap   total 262144K, used 176183K [0x0000000080000000, 0x0000000100000000)
  region size 1024K, 149 young (152576K), 12 survivors (12288K)
 Metaspace       used 58685K, capacity 60163K, committed 60236K, reserved 1101824K
  class space    used 7452K, capacity 7996K, committed 8012K, reserved 1048576K
}
Event: 8.766 GC heap after
{Heap after GC invocations=8 (full 0):
 garbage-first heap   total 262144K, used 50433K [0x0000000080000000, 0x0000000100000000)
  region size 1024K, 20 young (20480K), 20 survivors (20480K)
 Metaspace       used 58685K, capacity 60163K, committed 60236K, reserved 1101824K
  class space    used 7452K, capacity 7996K, committed 8012K, reserved 1048576K
}
Event: 11.296 GC heap before
{Heap before GC invocations=9 (full 0):
 garbage-first heap   total 262144K, used 186625K [0x0000000080000000, 0x0000000100000000)
  region size 1024K, 153 young (156672K), 20 survivors (20480K)
 Metaspace       used 68323K, capacity 69909K, committed 70092K, reserved 1110016K
  class space    used 8725K, capacity 9326K, committed 9420K, reserved 1048576K
}
Event: 11.355 GC heap after
{Heap after GC invocations=10 (full 0):
 garbage-first heap   total 262144K, used 61635K [0x0000000080000000, 0x0000000100000000)
  region size 1024K, 12 young (12288K), 12 survivors (12288K)
 Metaspace       used 68323K, capacity 69909K, committed 70092K, reserved 1110016K
  class space    used 8725K, capacity 9326K, committed 9420K, reserved 1048576K
}

