# JRE version: OpenJDK Runtime Environment (11.0.10) (build 11.0.10+0-b96-7249189)
# Java VM: OpenJDK 64-Bit Server VM (11.0.10+0-b96-7249189, mixed mode, tiered, compressed oops, g1 gc, windows-amd64)
Heap:
 garbage-first heap   total 509952K, used 255461K [0x0000000080000000, 0x0000000100000000)
  region size 1024K, 4 young (4096K), 4 survivors (4096K)
 Metaspace       used 95412K, capacity 97646K, committed 98252K, reserved 1134592K
  class space    used 12454K, capacity 13280K, committed 13516K, reserved 1048576K
GC Heap History (20 events):
Event: 14.934 GC heap after
{Heap after GC invocations=15 (full 0):
 garbage-first heap   total 262144K, used 82049K [0x0000000080000000, 0x0000000100000000)
  region size 1024K, 15 young (15360K), 15 survivors (15360K)
 Metaspace       used 84397K, capacity 86587K, committed 86604K, reserved 1124352K
  class space    used 11022K, capacity 11836K, committed 11852K, reserved 1048576K
}
Event: 15.862 GC heap before
{Heap before GC invocations=15 (full 0):
 garbage-first heap   total 262144K, used 182400K [0x0000000080000000, 0x0000000100000000)
  region size 1024K, 113 young (115712K), 15 survivors (15360K)
 Metaspace       used 85113K, capacity 87351K, committed 87372K, reserved 1124352K
  class space    used 11041K, capacity 11846K, committed 11852K, reserved 1048576K
}
Event: 15.886 GC heap after
{Heap after GC invocations=16 (full 0):
 garbage-first heap   total 262144K, used 89153K [0x0000000080000000, 0x0000000100000000)
  region size 1024K, 9 young (9216K), 9 survivors (9216K)
 Metaspace       used 85113K, capacity 87351K, committed 87372K, reserved 1124352K
  class space    used 11041K, capacity 11846K, committed 11852K, reserved 1048576K
}
Event: 16.601 GC heap before
{Heap before GC invocations=16 (full 0):
 garbage-first heap   total 262144K, used 188481K [0x0000000080000000, 0x0000000100000000)
  region size 1024K, 107 young (109568K), 9 survivors (9216K)
 Metaspace       used 85396K, capacity 87639K, committed 87756K, reserved 1124352K
  class space    used 11075K, capacity 11895K, committed 11980K, reserved 1048576K
}
Event: 16.621 GC heap after
{Heap after GC invocations=17 (full 0):
 garbage-first heap   total 262144K, used 94493K [0x0000000080000000, 0x0000000100000000)
  region size 1024K, 8 young (8192K), 8 survivors (8192K)
 Metaspace       used 85396K, capacity 87639K, committed 87756K, reserved 1124352K
  class space    used 11075K, capacity 11895K, committed 11980K, reserved 1048576K
}
Event: 17.271 GC heap before
{Heap before GC invocations=17 (full 0):
 garbage-first heap   total 262144K, used 193821K [0x0000000080000000, 0x0000000100000000)
  region size 1024K, 106 young (108544K), 8 survivors (8192K)
 Metaspace       used 87737K, capacity 90095K, committed 90444K, reserved 1128448K
  class space    used 11357K, capacity 12225K, committed 12364K, reserved 1048576K
}
Event: 17.291 GC heap after
{Heap after GC invocations=18 (full 0):
 garbage-first heap   total 262144K, used 99109K [0x0000000080000000, 0x0000000100000000)
  region size 1024K, 7 young (7168K), 7 survivors (7168K)
 Metaspace       used 87737K, capacity 90095K, committed 90444K, reserved 1128448K
  class space    used 11357K, capacity 12225K, committed 12364K, reserved 1048576K
}
Event: 17.865 GC heap before
{Heap before GC invocations=18 (full 0):
 garbage-first heap   total 262144K, used 198437K [0x0000000080000000, 0x0000000100000000)
  region size 1024K, 105 young (107520K), 7 survivors (7168K)
 Metaspace       used 89803K, capacity 92136K, committed 92364K, reserved 1128448K
  class space    used 11612K, capacity 12455K, committed 12492K, reserved 1048576K
}
Event: 17.886 GC heap after
{Heap after GC invocations=19 (full 0):
 garbage-first heap   total 262144K, used 102023K [0x0000000080000000, 0x0000000100000000)
  region size 1024K, 10 young (10240K), 10 survivors (10240K)
 Metaspace       used 89803K, capacity 92136K, committed 92364K, reserved 1128448K
  class space    used 11612K, capacity 12455K, committed 12492K, reserved 1048576K
}
Event: 20.151 GC heap before
{Heap before GC invocations=19 (full 0):
 garbage-first heap   total 262144K, used 178823K [0x0000000080000000, 0x0000000100000000)
  region size 1024K, 62 young (63488K), 10 survivors (10240K)
 Metaspace       used 93279K, capacity 95633K, committed 95948K, reserved 1132544K
  class space    used 12068K, capacity 12918K, committed 13004K, reserved 1048576K
}
Event: 20.188 GC heap after
{Heap after GC invocations=20 (full 0):
 garbage-first heap   total 262144K, used 139298K [0x0000000080000000, 0x0000000100000000)
  region size 1024K, 14 young (14336K), 14 survivors (14336K)
 Metaspace       used 93279K, capacity 95633K, committed 95948K, reserved 1132544K
  class space    used 12068K, capacity 12918K, committed 13004K, reserved 1048576K
}
Event: 20.898 GC heap before
{Heap before GC invocations=21 (full 0):
 garbage-first heap   total 262144K, used 228386K [0x0000000080000000, 0x0000000100000000)
  region size 1024K, 65 young (66560K), 14 survivors (14336K)
 Metaspace       used 93173K, capacity 95312K, committed 95948K, reserved 1132544K
  class space    used 11983K, capacity 12759K, committed 13004K, reserved 1048576K
}
Event: 21.000 GC heap after
{Heap after GC invocations=22 (full 0):
 garbage-first heap   total 323584K, used 181401K [0x0000000080000000, 0x0000000100000000)
  region size 1024K, 10 young (10240K), 10 survivors (10240K)
 Metaspace       used 93173K, capacity 95312K, committed 95948K, reserved 1132544K
  class space    used 11983K, capacity 12759K, committed 13004K, reserved 1048576K
}
Event: 21.629 GC heap before
{Heap before GC invocations=23 (full 0):
 garbage-first heap   total 323584K, used 220313K [0x0000000080000000, 0x0000000100000000)
  region size 1024K, 47 young (48128K), 10 survivors (10240K)
 Metaspace       used 93173K, capacity 95312K, committed 95948K, reserved 1132544K
  class space    used 11983K, capacity 12759K, committed 13004K, reserved 1048576K
}
Event: 21.692 GC heap after
{Heap after GC invocations=24 (full 0):
 garbage-first heap   total 323584K, used 196875K [0x0000000080000000, 0x0000000100000000)
  region size 1024K, 9 young (9216K), 9 survivors (9216K)
 Metaspace       used 93173K, capacity 95312K, committed 95948K, reserved 1132544K
  class space    used 11983K, capacity 12759K, committed 13004K, reserved 1048576K
}
Event: 22.780 GC heap before
{Heap before GC invocations=25 (full 0):
 garbage-first heap   total 323584K, used 251147K [0x0000000080000000, 0x0000000100000000)
  region size 1024K, 57 young (58368K), 9 survivors (9216K)
 Metaspace       used 95293K, capacity 97575K, committed 98252K, reserved 1134592K
  class space    used 12454K, capacity 13280K, committed 13516K, reserved 1048576K
}
Event: 22.851 GC heap after
{Heap after GC invocations=26 (full 0):
 garbage-first heap   total 323584K, used 222094K [0x0000000080000000, 0x0000000100000000)
  region size 1024K, 8 young (8192K), 8 survivors (8192K)
 Metaspace       used 95293K, capacity 97575K, committed 98252K, reserved 1134592K
  class space    used 12454K, capacity 13280K, committed 13516K, reserved 1048576K
}
Event: 23.225 GC heap before
{Heap before GC invocations=26 (full 0):
 garbage-first heap   total 323584K, used 257934K [0x0000000080000000, 0x0000000100000000)
  region size 1024K, 44 young (45056K), 8 survivors (8192K)
 Metaspace       used 95361K, capacity 97581K, committed 98252K, reserved 1134592K
  class space    used 12454K, capacity 13280K, committed 13516K, reserved 1048576K
}
Event: 23.297 GC heap after
{Heap after GC invocations=27 (full 0):
 garbage-first heap   total 323584K, used 241519K [0x0000000080000000, 0x0000000100000000)
  region size 1024K, 6 young (6144K), 6 survivors (6144K)
 Metaspace       used 95361K, capacity 97581K, committed 98252K, reserved 1134592K
  class space    used 12454K, capacity 13280K, committed 13516K, reserved 1048576K
}
Event: 23.678 GC heap before
{Heap before GC invocations=27 (full 0):
 garbage-first heap   total 323584K, used 265071K [0x0000000080000000, 0x0000000100000000)
  region size 1024K, 30 young (30720K), 6 survivors (6144K)
 Metaspace       used 95412K, capacity 97646K, committed 98252K, reserved 1134592K
  class space    used 12454K, capacity 13280K, committed 13516K, reserved 1048576K
}

