# JRE version: OpenJDK Runtime Environment (11.0.10) (build 11.0.10+0-b96-7249189)
# Java VM: OpenJDK 64-Bit Server VM (11.0.10+0-b96-7249189, mixed mode, tiered, compressed oops, g1 gc, windows-amd64)
Heap:
 garbage-first heap   total 782336K, used 325108K [0x0000000080000000, 0x0000000100000000)
  region size 1024K, 11 young (11264K), 11 survivors (11264K)
 Metaspace       used 98629K, capacity 101019K, committed 101196K, reserved 1136640K
  class space    used 12900K, capacity 13792K, committed 13900K, reserved 1048576K
GC Heap History (20 events):
Event: 17.743 GC heap after
{Heap after GC invocations=19 (full 0):
 garbage-first heap   total 262144K, used 103130K [0x0000000080000000, 0x0000000100000000)
  region size 1024K, 13 young (13312K), 13 survivors (13312K)
 Metaspace       used 89968K, capacity 92384K, committed 92620K, reserved 1130496K
  class space    used 11609K, capacity 12453K, committed 12492K, reserved 1048576K
}
Event: 18.536 GC heap before
{Heap before GC invocations=19 (full 0):
 garbage-first heap   total 262144K, used 162522K [0x0000000080000000, 0x0000000100000000)
  region size 1024K, 47 young (48128K), 13 survivors (13312K)
 Metaspace       used 93174K, capacity 95558K, committed 95692K, reserved 1132544K
  class space    used 12060K, capacity 12916K, committed 13004K, reserved 1048576K
}
Event: 18.561 GC heap after
{Heap after GC invocations=20 (full 0):
 garbage-first heap   total 262144K, used 137310K [0x0000000080000000, 0x0000000100000000)
  region size 1024K, 14 young (14336K), 14 survivors (14336K)
 Metaspace       used 93174K, capacity 95558K, committed 95692K, reserved 1132544K
  class space    used 12060K, capacity 12916K, committed 13004K, reserved 1048576K
}
Event: 19.035 GC heap before
{Heap before GC invocations=21 (full 0):
 garbage-first heap   total 262144K, used 221278K [0x0000000080000000, 0x0000000100000000)
  region size 1024K, 64 young (65536K), 14 survivors (14336K)
 Metaspace       used 93091K, capacity 95250K, committed 95948K, reserved 1132544K
  class space    used 11978K, capacity 12761K, committed 13004K, reserved 1048576K
}
Event: 19.109 GC heap after
{Heap after GC invocations=22 (full 0):
 garbage-first heap   total 315392K, used 175742K [0x0000000080000000, 0x0000000100000000)
  region size 1024K, 11 young (11264K), 11 survivors (11264K)
 Metaspace       used 93091K, capacity 95250K, committed 95948K, reserved 1132544K
  class space    used 11978K, capacity 12761K, committed 13004K, reserved 1048576K
}
Event: 19.530 GC heap before
{Heap before GC invocations=23 (full 0):
 garbage-first heap   total 315392K, used 220798K [0x0000000080000000, 0x0000000100000000)
  region size 1024K, 52 young (53248K), 11 survivors (11264K)
 Metaspace       used 93091K, capacity 95250K, committed 95948K, reserved 1132544K
  class space    used 11978K, capacity 12761K, committed 13004K, reserved 1048576K
}
Event: 19.579 GC heap after
{Heap after GC invocations=24 (full 0):
 garbage-first heap   total 315392K, used 196059K [0x0000000080000000, 0x0000000100000000)
  region size 1024K, 10 young (10240K), 10 survivors (10240K)
 Metaspace       used 93091K, capacity 95250K, committed 95948K, reserved 1132544K
  class space    used 11978K, capacity 12761K, committed 13004K, reserved 1048576K
}
Event: 20.295 GC heap before
{Heap before GC invocations=25 (full 0):
 garbage-first heap   total 315392K, used 243163K [0x0000000080000000, 0x0000000100000000)
  region size 1024K, 55 young (56320K), 10 survivors (10240K)
 Metaspace       used 95254K, capacity 97520K, committed 97996K, reserved 1134592K
  class space    used 12451K, capacity 13285K, committed 13516K, reserved 1048576K
}
Event: 20.371 GC heap after
{Heap after GC invocations=26 (full 0):
 garbage-first heap   total 315392K, used 216766K [0x0000000080000000, 0x0000000100000000)
  region size 1024K, 7 young (7168K), 7 survivors (7168K)
 Metaspace       used 95254K, capacity 97520K, committed 97996K, reserved 1134592K
  class space    used 12451K, capacity 13285K, committed 13516K, reserved 1048576K
}
Event: 20.555 GC heap before
{Heap before GC invocations=26 (full 0):
 garbage-first heap   total 315392K, used 251582K [0x0000000080000000, 0x0000000100000000)
  region size 1024K, 41 young (41984K), 7 survivors (7168K)
 Metaspace       used 95307K, capacity 97591K, committed 98252K, reserved 1134592K
  class space    used 12451K, capacity 13285K, committed 13516K, reserved 1048576K
}
Event: 20.622 GC heap after
{Heap after GC invocations=27 (full 0):
 garbage-first heap   total 315392K, used 236001K [0x0000000080000000, 0x0000000100000000)
  region size 1024K, 6 young (6144K), 6 survivors (6144K)
 Metaspace       used 95307K, capacity 97591K, committed 98252K, reserved 1134592K
  class space    used 12451K, capacity 13285K, committed 13516K, reserved 1048576K
}
Event: 20.762 GC heap before
{Heap before GC invocations=27 (full 0):
 garbage-first heap   total 315392K, used 258529K [0x0000000080000000, 0x0000000100000000)
  region size 1024K, 28 young (28672K), 6 survivors (6144K)
 Metaspace       used 95313K, capacity 97591K, committed 98252K, reserved 1134592K
  class space    used 12451K, capacity 13285K, committed 13516K, reserved 1048576K
}
Event: 20.802 GC heap after
{Heap after GC invocations=28 (full 0):
 garbage-first heap   total 521216K, used 247808K [0x0000000080000000, 0x0000000100000000)
  region size 1024K, 4 young (4096K), 4 survivors (4096K)
 Metaspace       used 95313K, capacity 97591K, committed 98252K, reserved 1134592K
  class space    used 12451K, capacity 13285K, committed 13516K, reserved 1048576K
}
Event: 21.648 GC heap before
{Heap before GC invocations=29 (full 0):
 garbage-first heap   total 521216K, used 333824K [0x0000000080000000, 0x0000000100000000)
  region size 1024K, 89 young (91136K), 4 survivors (4096K)
 Metaspace       used 95347K, capacity 97591K, committed 98252K, reserved 1134592K
  class space    used 12451K, capacity 13285K, committed 13516K, reserved 1048576K
}
Event: 21.726 GC heap after
{Heap after GC invocations=30 (full 0):
 garbage-first heap   total 521216K, used 291840K [0x0000000080000000, 0x0000000100000000)
  region size 1024K, 12 young (12288K), 12 survivors (12288K)
 Metaspace       used 95347K, capacity 97591K, committed 98252K, reserved 1134592K
  class space    used 12451K, capacity 13285K, committed 13516K, reserved 1048576K
}
Event: 22.358 GC heap before
{Heap before GC invocations=30 (full 0):
 garbage-first heap   total 521216K, used 364544K [0x0000000080000000, 0x0000000100000000)
  region size 1024K, 84 young (86016K), 12 survivors (12288K)
 Metaspace       used 97056K, capacity 99383K, committed 99660K, reserved 1134592K
  class space    used 12703K, capacity 13560K, committed 13644K, reserved 1048576K
}
Event: 22.444 GC heap after
{Heap after GC invocations=31 (full 0):
 garbage-first heap   total 521216K, used 325120K [0x0000000080000000, 0x0000000100000000)
  region size 1024K, 11 young (11264K), 11 survivors (11264K)
 Metaspace       used 97056K, capacity 99383K, committed 99660K, reserved 1134592K
  class space    used 12703K, capacity 13560K, committed 13644K, reserved 1048576K
}
Event: 23.310 GC heap before
{Heap before GC invocations=31 (full 0):
 garbage-first heap   total 521216K, used 365568K [0x0000000080000000, 0x0000000100000000)
  region size 1024K, 73 young (74752K), 11 survivors (11264K)
 Metaspace       used 97768K, capacity 100191K, committed 100556K, reserved 1136640K
  class space    used 12800K, capacity 13691K, committed 13772K, reserved 1048576K
}
Event: 23.360 GC heap after
{Heap after GC invocations=32 (full 0):
 garbage-first heap   total 521216K, used 313344K [0x0000000080000000, 0x0000000100000000)
  region size 1024K, 10 young (10240K), 10 survivors (10240K)
 Metaspace       used 97768K, capacity 100191K, committed 100556K, reserved 1136640K
  class space    used 12800K, capacity 13691K, committed 13772K, reserved 1048576K
}
Event: 24.089 GC heap before
{Heap before GC invocations=33 (full 0):
 garbage-first heap   total 521216K, used 386048K [0x0000000080000000, 0x0000000100000000)
  region size 1024K, 81 young (82944K), 10 survivors (10240K)
 Metaspace       used 98629K, capacity 101019K, committed 101196K, reserved 1136640K
  class space    used 12900K, capacity 13792K, committed 13900K, reserved 1048576K
}

