# JRE version: OpenJDK Runtime Environment (11.0.10) (build 11.0.10+0-b96-7249189)
# Java VM: OpenJDK 64-Bit Server VM (11.0.10+0-b96-7249189, mixed mode, tiered, compressed oops, g1 gc, windows-amd64)
Heap:
 garbage-first heap   total 766976K, used 249576K [0x0000000080000000, 0x0000000100000000)
  region size 1024K, 2 young (2048K), 2 survivors (2048K)
 Metaspace       used 154858K, capacity 159836K, committed 160204K, reserved 1187840K
  class space    used 19205K, capacity 21079K, committed 21196K, reserved 1048576K
GC Heap History (20 events):
Event: 812.915 GC heap after
{Heap after GC invocations=66 (full 0):
 garbage-first heap   total 364544K, used 292835K [0x0000000080000000, 0x0000000100000000)
  region size 1024K, 1 young (1024K), 1 survivors (1024K)
 Metaspace       used 149933K, capacity 155073K, committed 155212K, reserved 1183744K
  class space    used 18860K, capacity 20768K, committed 20812K, reserved 1048576K
}
Event: 813.290 GC heap before
{Heap before GC invocations=66 (full 0):
 garbage-first heap   total 364544K, used 321507K [0x0000000080000000, 0x0000000100000000)
  region size 1024K, 29 young (29696K), 1 survivors (1024K)
 Metaspace       used 150089K, capacity 155144K, committed 155212K, reserved 1183744K
  class space    used 18867K, capacity 20770K, committed 20812K, reserved 1048576K
}
Event: 813.308 GC heap after
{Heap after GC invocations=67 (full 0):
 garbage-first heap   total 364544K, used 300638K [0x0000000080000000, 0x0000000100000000)
  region size 1024K, 4 young (4096K), 4 survivors (4096K)
 Metaspace       used 150089K, capacity 155144K, committed 155212K, reserved 1183744K
  class space    used 18867K, capacity 20770K, committed 20812K, reserved 1048576K
}
Event: 813.403 GC heap before
{Heap before GC invocations=67 (full 0):
 garbage-first heap   total 364544K, used 309854K [0x0000000080000000, 0x0000000100000000)
  region size 1024K, 8 young (8192K), 4 survivors (4096K)
 Metaspace       used 150089K, capacity 155144K, committed 155212K, reserved 1183744K
  class space    used 18867K, capacity 20770K, committed 20812K, reserved 1048576K
}
Event: 813.416 GC heap after
{Heap after GC invocations=68 (full 0):
 garbage-first heap   total 364544K, used 305669K [0x0000000080000000, 0x0000000100000000)
  region size 1024K, 1 young (1024K), 1 survivors (1024K)
 Metaspace       used 150089K, capacity 155144K, committed 155212K, reserved 1183744K
  class space    used 18867K, capacity 20770K, committed 20812K, reserved 1048576K
}
Event: 813.771 GC heap before
{Heap before GC invocations=68 (full 0):
 garbage-first heap   total 364544K, used 343557K [0x0000000080000000, 0x0000000100000000)
  region size 1024K, 17 young (17408K), 1 survivors (1024K)
 Metaspace       used 150349K, capacity 155431K, committed 155596K, reserved 1183744K
  class space    used 18889K, capacity 20815K, committed 20940K, reserved 1048576K
}
Event: 813.778 GC heap after
{Heap after GC invocations=69 (full 0):
 garbage-first heap   total 364544K, used 303680K [0x0000000080000000, 0x0000000100000000)
  region size 1024K, 3 young (3072K), 3 survivors (3072K)
 Metaspace       used 150349K, capacity 155431K, committed 155596K, reserved 1183744K
  class space    used 18889K, capacity 20815K, committed 20940K, reserved 1048576K
}
Event: 814.086 GC heap before
{Heap before GC invocations=69 (full 0):
 garbage-first heap   total 364544K, used 311872K [0x0000000080000000, 0x0000000100000000)
  region size 1024K, 18 young (18432K), 3 survivors (3072K)
 Metaspace       used 150968K, capacity 155956K, committed 156364K, reserved 1185792K
  class space    used 18917K, capacity 20789K, committed 20940K, reserved 1048576K
}
Event: 814.094 GC heap after
{Heap after GC invocations=70 (full 0):
 garbage-first heap   total 364544K, used 300116K [0x0000000080000000, 0x0000000100000000)
  region size 1024K, 3 young (3072K), 3 survivors (3072K)
 Metaspace       used 150968K, capacity 155956K, committed 156364K, reserved 1185792K
  class space    used 18917K, capacity 20789K, committed 20940K, reserved 1048576K
}
Event: 814.376 GC heap before
{Heap before GC invocations=71 (full 0):
 garbage-first heap   total 364544K, used 317524K [0x0000000080000000, 0x0000000100000000)
  region size 1024K, 21 young (21504K), 3 survivors (3072K)
 Metaspace       used 151600K, capacity 156629K, committed 156876K, reserved 1185792K
  class space    used 18956K, capacity 20821K, committed 20940K, reserved 1048576K
}
Event: 814.385 GC heap after
{Heap after GC invocations=72 (full 0):
 garbage-first heap   total 364544K, used 302975K [0x0000000080000000, 0x0000000100000000)
  region size 1024K, 3 young (3072K), 3 survivors (3072K)
 Metaspace       used 151600K, capacity 156629K, committed 156876K, reserved 1185792K
  class space    used 18956K, capacity 20821K, committed 20940K, reserved 1048576K
}
Event: 814.494 GC heap before
{Heap before GC invocations=72 (full 0):
 garbage-first heap   total 364544K, used 317311K [0x0000000080000000, 0x0000000100000000)
  region size 1024K, 17 young (17408K), 3 survivors (3072K)
 Metaspace       used 151885K, capacity 156921K, committed 157132K, reserved 1185792K
  class space    used 18980K, capacity 20854K, committed 20940K, reserved 1048576K
}
Event: 814.515 GC heap after
{Heap after GC invocations=73 (full 0):
 garbage-first heap   total 434176K, used 271752K [0x0000000080000000, 0x0000000100000000)
  region size 1024K, 3 young (3072K), 3 survivors (3072K)
 Metaspace       used 151885K, capacity 156921K, committed 157132K, reserved 1185792K
  class space    used 18980K, capacity 20854K, committed 20940K, reserved 1048576K
}
Event: 814.776 GC heap before
{Heap before GC invocations=73 (full 0):
 garbage-first heap   total 434176K, used 289160K [0x0000000080000000, 0x0000000100000000)
  region size 1024K, 21 young (21504K), 3 survivors (3072K)
 Metaspace       used 153580K, capacity 158585K, committed 158796K, reserved 1187840K
  class space    used 19124K, capacity 20982K, committed 21068K, reserved 1048576K
}
Event: 814.829 GC heap after
{Heap after GC invocations=74 (full 0):
 garbage-first heap   total 434176K, used 249297K [0x0000000080000000, 0x0000000100000000)
  region size 1024K, 3 young (3072K), 3 survivors (3072K)
 Metaspace       used 153580K, capacity 158585K, committed 158796K, reserved 1187840K
  class space    used 19124K, capacity 20982K, committed 21068K, reserved 1048576K
}
Event: 815.167 GC heap before
{Heap before GC invocations=74 (full 0):
 garbage-first heap   total 434176K, used 267729K [0x0000000080000000, 0x0000000100000000)
  region size 1024K, 21 young (21504K), 3 survivors (3072K)
 Metaspace       used 153632K, capacity 158649K, committed 159052K, reserved 1187840K
  class space    used 19124K, capacity 20982K, committed 21068K, reserved 1048576K
}
Event: 815.195 GC heap after
{Heap after GC invocations=75 (full 0):
 garbage-first heap   total 434176K, used 248158K [0x0000000080000000, 0x0000000100000000)
  region size 1024K, 3 young (3072K), 3 survivors (3072K)
 Metaspace       used 153632K, capacity 158649K, committed 159052K, reserved 1187840K
  class space    used 19124K, capacity 20982K, committed 21068K, reserved 1048576K
}
Event: 815.758 GC heap before
{Heap before GC invocations=75 (full 0):
 garbage-first heap   total 434176K, used 330078K [0x0000000080000000, 0x0000000100000000)
  region size 1024K, 84 young (86016K), 3 survivors (3072K)
 Metaspace       used 154132K, capacity 159129K, committed 159308K, reserved 1187840K
  class space    used 19157K, capacity 21014K, committed 21068K, reserved 1048576K
}
Event: 815.775 GC heap after
{Heap after GC invocations=76 (full 0):
 garbage-first heap   total 434176K, used 253583K [0x0000000080000000, 0x0000000100000000)
  region size 1024K, 8 young (8192K), 8 survivors (8192K)
 Metaspace       used 154132K, capacity 159129K, committed 159308K, reserved 1187840K
  class space    used 19157K, capacity 21014K, committed 21068K, reserved 1048576K
}
Event: 816.681 GC heap before
{Heap before GC invocations=76 (full 0):
 garbage-first heap   total 434176K, used 337551K [0x0000000080000000, 0x0000000100000000)
  region size 1024K, 91 young (93184K), 8 survivors (8192K)
 Metaspace       used 154858K, capacity 159836K, committed 160204K, reserved 1187840K
  class space    used 19205K, capacity 21079K, committed 21196K, reserved 1048576K
}

