# JRE version: OpenJDK Runtime Environment (11.0.10) (build 11.0.10+0-b96-7249189)
# Java VM: OpenJDK 64-Bit Server VM (11.0.10+0-b96-7249189, mixed mode, tiered, compressed oops, g1 gc, windows-amd64)
Heap:
 garbage-first heap   total 262144K, used 186708K [0x0000000080000000, 0x0000000100000000)
  region size 1024K, 54 young (55296K), 1 survivors (1024K)
 Metaspace       used 136166K, capacity 141448K, committed 141516K, reserved 1171456K
  class space    used 17016K, capacity 18847K, committed 18892K, reserved 1048576K
GC Heap History (20 events):
Event: 2099.848 GC heap before
{Heap before GC invocations=103 (full 0):
 garbage-first heap   total 262144K, used 187266K [0x0000000080000000, 0x0000000100000000)
  region size 1024K, 51 young (52224K), 1 survivors (1024K)
 Metaspace       used 133798K, capacity 138033K, committed 138828K, reserved 1169408K
  class space    used 16675K, capacity 18216K, committed 18508K, reserved 1048576K
}
Event: 2099.859 GC heap after
{Heap after GC invocations=104 (full 0):
 garbage-first heap   total 262144K, used 139860K [0x0000000080000000, 0x0000000100000000)
  region size 1024K, 3 young (3072K), 3 survivors (3072K)
 Metaspace       used 133798K, capacity 138033K, committed 138828K, reserved 1169408K
  class space    used 16675K, capacity 18216K, committed 18508K, reserved 1048576K
}
Event: 2100.868 GC heap before
{Heap before GC invocations=105 (full 0):
 garbage-first heap   total 262144K, used 190036K [0x0000000080000000, 0x0000000100000000)
  region size 1024K, 56 young (57344K), 3 survivors (3072K)
 Metaspace       used 133968K, capacity 138231K, committed 139084K, reserved 1169408K
  class space    used 16675K, capacity 18216K, committed 18508K, reserved 1048576K
}
Event: 2100.874 GC heap after
{Heap after GC invocations=106 (full 0):
 garbage-first heap   total 262144K, used 137028K [0x0000000080000000, 0x0000000100000000)
  region size 1024K, 7 young (7168K), 7 survivors (7168K)
 Metaspace       used 133968K, capacity 138231K, committed 139084K, reserved 1169408K
  class space    used 16675K, capacity 18216K, committed 18508K, reserved 1048576K
}
Event: 2100.894 GC heap before
{Heap before GC invocations=106 (full 0):
 garbage-first heap   total 262144K, used 141124K [0x0000000080000000, 0x0000000100000000)
  region size 1024K, 12 young (12288K), 7 survivors (7168K)
 Metaspace       used 133983K, capacity 138295K, committed 139084K, reserved 1169408K
  class space    used 16675K, capacity 18216K, committed 18508K, reserved 1048576K
}
Event: 2100.922 GC heap after
{Heap after GC invocations=107 (full 0):
 garbage-first heap   total 262144K, used 121448K [0x0000000080000000, 0x0000000100000000)
  region size 1024K, 2 young (2048K), 2 survivors (2048K)
 Metaspace       used 133983K, capacity 138295K, committed 139084K, reserved 1169408K
  class space    used 16675K, capacity 18216K, committed 18508K, reserved 1048576K
}
Event: 2101.256 GC heap before
{Heap before GC invocations=107 (full 0):
 garbage-first heap   total 262144K, used 188008K [0x0000000080000000, 0x0000000100000000)
  region size 1024K, 68 young (69632K), 2 survivors (2048K)
 Metaspace       used 134011K, capacity 138297K, committed 139084K, reserved 1169408K
  class space    used 16675K, capacity 18216K, committed 18508K, reserved 1048576K
}
Event: 2101.272 GC heap after
{Heap after GC invocations=108 (full 0):
 garbage-first heap   total 262144K, used 126000K [0x0000000080000000, 0x0000000100000000)
  region size 1024K, 7 young (7168K), 7 survivors (7168K)
 Metaspace       used 134011K, capacity 138297K, committed 139084K, reserved 1169408K
  class space    used 16675K, capacity 18216K, committed 18508K, reserved 1048576K
}
Event: 2299.417 GC heap before
{Heap before GC invocations=109 (full 0):
 garbage-first heap   total 262144K, used 216112K [0x0000000080000000, 0x0000000100000000)
  region size 1024K, 73 young (74752K), 7 survivors (7168K)
 Metaspace       used 134070K, capacity 138372K, committed 139084K, reserved 1169408K
  class space    used 16676K, capacity 18218K, committed 18508K, reserved 1048576K
}
Event: 2299.423 GC heap after
{Heap after GC invocations=110 (full 0):
 garbage-first heap   total 262144K, used 122950K [0x0000000080000000, 0x0000000100000000)
  region size 1024K, 2 young (2048K), 2 survivors (2048K)
 Metaspace       used 134070K, capacity 138372K, committed 139084K, reserved 1169408K
  class space    used 16676K, capacity 18218K, committed 18508K, reserved 1048576K
}
Event: 2299.498 GC heap before
{Heap before GC invocations=110 (full 0):
 garbage-first heap   total 262144K, used 132166K [0x0000000080000000, 0x0000000100000000)
  region size 1024K, 12 young (12288K), 2 survivors (2048K)
 Metaspace       used 134087K, capacity 138374K, committed 139084K, reserved 1169408K
  class space    used 16677K, capacity 18218K, committed 18508K, reserved 1048576K
}
Event: 2299.506 GC heap after
{Heap after GC invocations=111 (full 0):
 garbage-first heap   total 262144K, used 122184K [0x0000000080000000, 0x0000000100000000)
  region size 1024K, 1 young (1024K), 1 survivors (1024K)
 Metaspace       used 134087K, capacity 138374K, committed 139084K, reserved 1169408K
  class space    used 16677K, capacity 18218K, committed 18508K, reserved 1048576K
}
Event: 2303.487 GC heap before
{Heap before GC invocations=111 (full 0):
 garbage-first heap   total 262144K, used 195912K [0x0000000080000000, 0x0000000100000000)
  region size 1024K, 74 young (75776K), 1 survivors (1024K)
 Metaspace       used 134273K, capacity 138545K, committed 139340K, reserved 1169408K
  class space    used 16677K, capacity 18218K, committed 18508K, reserved 1048576K
}
Event: 2303.543 GC heap after
{Heap after GC invocations=112 (full 0):
 garbage-first heap   total 262144K, used 128050K [0x0000000080000000, 0x0000000100000000)
  region size 1024K, 7 young (7168K), 7 survivors (7168K)
 Metaspace       used 134273K, capacity 138545K, committed 139340K, reserved 1169408K
  class space    used 16677K, capacity 18218K, committed 18508K, reserved 1048576K
}
Event: 2431.181 GC heap before
{Heap before GC invocations=113 (full 0):
 garbage-first heap   total 262144K, used 217138K [0x0000000080000000, 0x0000000100000000)
  region size 1024K, 79 young (80896K), 7 survivors (7168K)
 Metaspace       used 136017K, capacity 141236K, committed 141516K, reserved 1171456K
  class space    used 16999K, capacity 18815K, committed 18892K, reserved 1048576K
}
Event: 2431.201 GC heap after
{Heap after GC invocations=114 (full 0):
 garbage-first heap   total 262144K, used 134094K [0x0000000080000000, 0x0000000100000000)
  region size 1024K, 7 young (7168K), 7 survivors (7168K)
 Metaspace       used 136017K, capacity 141236K, committed 141516K, reserved 1171456K
  class space    used 16999K, capacity 18815K, committed 18892K, reserved 1048576K
}
Event: 2431.236 GC heap before
{Heap before GC invocations=114 (full 0):
 garbage-first heap   total 262144K, used 138190K [0x0000000080000000, 0x0000000100000000)
  region size 1024K, 12 young (12288K), 7 survivors (7168K)
 Metaspace       used 136017K, capacity 141236K, committed 141516K, reserved 1171456K
  class space    used 16999K, capacity 18815K, committed 18892K, reserved 1048576K
}
Event: 2431.263 GC heap after
{Heap after GC invocations=115 (full 0):
 garbage-first heap   total 262144K, used 118402K [0x0000000080000000, 0x0000000100000000)
  region size 1024K, 2 young (2048K), 2 survivors (2048K)
 Metaspace       used 136017K, capacity 141236K, committed 141516K, reserved 1171456K
  class space    used 16999K, capacity 18815K, committed 18892K, reserved 1048576K
}
Event: 2431.312 GC heap before
{Heap before GC invocations=115 (full 0):
 garbage-first heap   total 262144K, used 122498K [0x0000000080000000, 0x0000000100000000)
  region size 1024K, 7 young (7168K), 2 survivors (2048K)
 Metaspace       used 136041K, capacity 141272K, committed 141516K, reserved 1171456K
  class space    used 17003K, capacity 18823K, committed 18892K, reserved 1048576K
}
Event: 2431.322 GC heap after
{Heap after GC invocations=116 (full 0):
 garbage-first heap   total 262144K, used 118100K [0x0000000080000000, 0x0000000100000000)
  region size 1024K, 1 young (1024K), 1 survivors (1024K)
 Metaspace       used 136041K, capacity 141272K, committed 141516K, reserved 1171456K
  class space    used 17003K, capacity 18823K, committed 18892K, reserved 1048576K
}

